<?xml version="1.0" encoding="UTF-8"?>
<!-- Generated by org.testng.reporters.JUnitReportReporter -->
<testsuite skipped="0" hostname="DESKTOP-4DMIIJ9" name="testMavenAndTestNG.DemoTest" tests="1" failures="0" timestamp="2022-01-09T09:18:55 IST" time="12.539" errors="0">
  <testcase name="testCase4" time="12.539" classname="testMavenAndTestNG.DemoTest"/>
  <system-out/>
</testsuite> <!-- testMavenAndTestNG.DemoTest -->
