<?xml version="1.0" encoding="UTF-8"?>
<!-- Generated by org.testng.reporters.JUnitReportReporter -->
<testsuite skipped="0" hostname="DESKTOP-4DMIIJ9" name="TC1" tests="2" failures="0" timestamp="2022-01-09T09:36:08 IST" time="48.385" errors="0">
  <testcase name="testCase2" time="18.561" classname="TC1"/>
  <system-out/>
  <testcase name="TestCaseOne" time="29.824" classname="TC1"/>
  <system-out/>
</testsuite> <!-- TC1 -->
