<?xml version="1.0" encoding="UTF-8"?>
<!-- Generated by org.testng.reporters.JUnitReportReporter -->
<testsuite skipped="0" hostname="DESKTOP-4DMIIJ9" name="TC1" tests="2" failures="0" timestamp="2022-01-12T16:08:07 IST" time="28.483" errors="0">
  <testcase name="testCase2" time="12.382" classname="TC1"/>
  <system-out/>
  <testcase name="TestCaseOne" time="16.101" classname="TC1"/>
  <system-out/>
</testsuite> <!-- TC1 -->
