<?xml version="1.0" encoding="UTF-8"?>
<!-- Generated by org.testng.reporters.JUnitReportReporter -->
<testsuite hostname="DESKTOP-4DMIIJ9" failures="0" tests="2" name="TC1" time="5.098" errors="0" timestamp="2022-02-17T08:00:42 IST" skipped="0">
  <testcase classname="TC1" name="TestCaseOne" time="4.023"/>
  <system-out/>
  <testcase classname="TC1" name="testCase2" time="1.075"/>
  <system-out/>
</testsuite> <!-- TC1 -->
